<?xml version="1.0" encoding="UTF-8" standalone="yes"?>
<testsuites name="WebTable_TestSuite" time="35" tests="1" failures="0" errors="0">
    <testsuite name="WebTable_TestSuite" tests="1" failures="0" errors="0" time="35" timestamp="2019-10-23 16:31:15" hostname="hemavathi - MSDES05.ad.matryxsoft.com" id="Test Suites/WebTable_TestSuite">
        <properties>
            <property name="deviceName" value=""/>
            <property name="devicePlatform" value=""/>
            <property name="logFolder" value="D:\\Katalon sample projects\\Sample\\Reports\\20191023_163113\\WebTable_TestSuite\\20191023_163113"/>
            <property name="logFiles" value="D:\\Katalon sample projects\\Sample\\Reports\\20191023_163113\\WebTable_TestSuite\\20191023_163113\\execution0.log"/>
            <property name="attachments" value=""/>
            <property name="hostName" value="hemavathi - MSDES05.ad.matryxsoft.com"/>
            <property name="os" value="Windows 7 64bit"/>
            <property name="katalonVersion" value="6.3.3.11"/>
            <property name="browser" value="Firefox 69.0"/>
            <property name="hostAddress" value="10.10.20.3"/>
            <property name="sessionId" value="bc26bc57-06df-4d31-8977-15983702c5ec"/>
            <property name="seleniumVersion" value="3.141.59"/>
            <property name="proxyInformation" value="ProxyInformation{proxyOption=NO_PROXY, proxyServerType=HTTP, password=, proxyServerAddress=, proxyServerPort=0}"/>
            <property name="platform" value="Windows 7"/>
        </properties>
        <testcase name="Test Cases/WebTable - Performing Action" classname="Test Cases/WebTable - Performing Action" status="PASSED">
            <system-out>2019-10-23 16:31:15 - [TEST_CASE][PASSED] - Test Cases/WebTable - Performing Action: Test Cases/WebTable - Performing Action&#xD;
&#xD;
2019-10-23 16:31:18 - [TEST_STEP][PASSED] - openBrowser(""): Browser is opened with url: ''&#xD;
&#xD;
2019-10-23 16:31:18 - [MESSAGE][INFO] - Starting 'Firefox' driver&#xD;
&#xD;
2019-10-23 16:31:18 - [MESSAGE][INFO] - Action delay is set to 0 seconds&#xD;
&#xD;
2019-10-23 16:31:27 - [MESSAGE][PASSED] - Browser is opened with url: ''&#xD;
&#xD;
2019-10-23 16:31:27 - [TEST_STEP][PASSED] - navigateToUrl("https://www.espn.in/mlb/team/depth/_/name/bos"): Navigate to 'https://www.espn.in/mlb/team/depth/_/name/bos' successfully&#xD;
&#xD;
2019-10-23 16:31:36 - [MESSAGE][PASSED] - Navigate to 'https://www.espn.in/mlb/team/depth/_/name/bos' successfully&#xD;
&#xD;
2019-10-23 16:31:36 - [TEST_STEP][PASSED] - waitForPageLoad(10): Wait for page load successfully&#xD;
&#xD;
2019-10-23 16:31:36 - [MESSAGE][PASSED] - Wait for page load successfully&#xD;
&#xD;
2019-10-23 16:31:36 - [TEST_STEP][PASSED] - maximizeWindow(): Current window maximized&#xD;
&#xD;
2019-10-23 16:31:37 - [MESSAGE][PASSED] - Current window maximized&#xD;
&#xD;
2019-10-23 16:31:37 - [TEST_STEP][PASSED] - driver = getWebDriver(): null&#xD;
&#xD;
2019-10-23 16:31:37 - [TEST_STEP][PASSED] - ExpectedValue = "Heath Hembree": null&#xD;
&#xD;
2019-10-23 16:31:37 - [TEST_STEP][PASSED] - Table = driver.findElement(By.xpath("/html/body/div[1]/div/div/div/div/div[5]/div[2]/div[5]/div[1]/div[1]/section/div/section/div[2]/div[1]/section/div[2]/div/div[2]/table")): null&#xD;
&#xD;
2019-10-23 16:31:37 - [TEST_STEP][PASSED] - rows_table = Table.findElements(By.tagName("tr")): null&#xD;
&#xD;
2019-10-23 16:31:37 - [TEST_STEP][PASSED] - rows_count = rows_table.size(): null&#xD;
&#xD;
2019-10-23 16:31:37 - [TEST_STEP][PASSED] - println(rows_count): null&#xD;
&#xD;
2019-10-23 16:31:37 - [TEST_STEP][PASSED] - Value = false: null&#xD;
&#xD;
2019-10-23 16:31:37 - [TEST_STEP][PASSED] - for ([i = 0, i &lt; rows_count, (i++)]): null&#xD;
&#xD;
2019-10-23 16:31:37 - [TEST_STEP][PASSED] - Columns_row = get(i).findElements(By.tagName("td")): null&#xD;
&#xD;
2019-10-23 16:31:37 - [TEST_STEP][PASSED] - columns_count = Columns_row.size(): null&#xD;
&#xD;
2019-10-23 16:31:37 - [TEST_STEP][PASSED] - println("Number of cells In Row " + i + " are " + columns_count): null&#xD;
&#xD;
2019-10-23 16:31:37 - [TEST_STEP][PASSED] - for ([j = 0, j &lt; columns_count, (j++)]): null&#xD;
&#xD;
2019-10-23 16:31:37 - [TEST_STEP][PASSED] - if (Value == true): null&#xD;
&#xD;
2019-10-23 16:31:37 - [TEST_STEP][PASSED] - Columns_row = get(i).findElements(By.tagName("td")): null&#xD;
&#xD;
2019-10-23 16:31:37 - [TEST_STEP][PASSED] - columns_count = Columns_row.size(): null&#xD;
&#xD;
2019-10-23 16:31:37 - [TEST_STEP][PASSED] - println("Number of cells In Row " + i + " are " + columns_count): null&#xD;
&#xD;
2019-10-23 16:31:37 - [TEST_STEP][PASSED] - for ([j = 0, j &lt; columns_count, (j++)]): null&#xD;
&#xD;
2019-10-23 16:31:37 - [TEST_STEP][PASSED] - celltext = get(j).getText(): null&#xD;
&#xD;
2019-10-23 16:31:37 - [TEST_STEP][PASSED] - println("Cell Value Of row number " + i + " and column number " + j + " Is " + celltext): null&#xD;
&#xD;
2019-10-23 16:31:37 - [TEST_STEP][PASSED] - if (Value == false): null&#xD;
&#xD;
2019-10-23 16:31:37 - [TEST_STEP][PASSED] - if (celltext == ExpectedValue): null&#xD;
&#xD;
2019-10-23 16:31:37 - [TEST_STEP][PASSED] - celltext = get(j).getText(): null&#xD;
&#xD;
2019-10-23 16:31:37 - [TEST_STEP][PASSED] - println("Cell Value Of row number " + i + " and column number " + j + " Is " + celltext): null&#xD;
&#xD;
2019-10-23 16:31:37 - [TEST_STEP][PASSED] - if (Value == false): null&#xD;
&#xD;
2019-10-23 16:31:37 - [TEST_STEP][PASSED] - if (celltext == ExpectedValue): null&#xD;
&#xD;
2019-10-23 16:31:37 - [TEST_STEP][PASSED] - celltext = get(j).getText(): null&#xD;
&#xD;
2019-10-23 16:31:37 - [TEST_STEP][PASSED] - println("Cell Value Of row number " + i + " and column number " + j + " Is " + celltext): null&#xD;
&#xD;
2019-10-23 16:31:37 - [TEST_STEP][PASSED] - if (Value == false): null&#xD;
&#xD;
2019-10-23 16:31:37 - [TEST_STEP][PASSED] - if (celltext == ExpectedValue): null&#xD;
&#xD;
2019-10-23 16:31:37 - [TEST_STEP][PASSED] - celltext = get(j).getText(): null&#xD;
&#xD;
2019-10-23 16:31:37 - [TEST_STEP][PASSED] - println("Cell Value Of row number " + i + " and column number " + j + " Is " + celltext): null&#xD;
&#xD;
2019-10-23 16:31:37 - [TEST_STEP][PASSED] - if (Value == false): null&#xD;
&#xD;
2019-10-23 16:31:37 - [TEST_STEP][PASSED] - if (celltext == ExpectedValue): null&#xD;
&#xD;
2019-10-23 16:31:37 - [TEST_STEP][PASSED] - celltext = get(j).getText(): null&#xD;
&#xD;
2019-10-23 16:31:38 - [TEST_STEP][PASSED] - println("Cell Value Of row number " + i + " and column number " + j + " Is " + celltext): null&#xD;
&#xD;
2019-10-23 16:31:38 - [TEST_STEP][PASSED] - if (Value == false): null&#xD;
&#xD;
2019-10-23 16:31:38 - [TEST_STEP][PASSED] - if (celltext == ExpectedValue): null&#xD;
&#xD;
2019-10-23 16:31:38 - [TEST_STEP][PASSED] - if (Value == true): null&#xD;
&#xD;
2019-10-23 16:31:38 - [TEST_STEP][PASSED] - Columns_row = get(i).findElements(By.tagName("td")): null&#xD;
&#xD;
2019-10-23 16:31:38 - [TEST_STEP][PASSED] - columns_count = Columns_row.size(): null&#xD;
&#xD;
2019-10-23 16:31:38 - [TEST_STEP][PASSED] - println("Number of cells In Row " + i + " are " + columns_count): null&#xD;
&#xD;
2019-10-23 16:31:38 - [TEST_STEP][PASSED] - for ([j = 0, j &lt; columns_count, (j++)]): null&#xD;
&#xD;
2019-10-23 16:31:38 - [TEST_STEP][PASSED] - celltext = get(j).getText(): null&#xD;
&#xD;
2019-10-23 16:31:38 - [TEST_STEP][PASSED] - println("Cell Value Of row number " + i + " and column number " + j + " Is " + celltext): null&#xD;
&#xD;
2019-10-23 16:31:38 - [TEST_STEP][PASSED] - if (Value == false): null&#xD;
&#xD;
2019-10-23 16:31:38 - [TEST_STEP][PASSED] - if (celltext == ExpectedValue): null&#xD;
&#xD;
2019-10-23 16:31:38 - [TEST_STEP][PASSED] - celltext = get(j).getText(): null&#xD;
&#xD;
2019-10-23 16:31:38 - [TEST_STEP][PASSED] - println("Cell Value Of row number " + i + " and column number " + j + " Is " + celltext): null&#xD;
&#xD;
2019-10-23 16:31:38 - [TEST_STEP][PASSED] - if (Value == false): null&#xD;
&#xD;
2019-10-23 16:31:38 - [TEST_STEP][PASSED] - if (celltext == ExpectedValue): null&#xD;
&#xD;
2019-10-23 16:31:38 - [TEST_STEP][PASSED] - celltext = get(j).getText(): null&#xD;
&#xD;
2019-10-23 16:31:38 - [TEST_STEP][PASSED] - println("Cell Value Of row number " + i + " and column number " + j + " Is " + celltext): null&#xD;
&#xD;
2019-10-23 16:31:38 - [TEST_STEP][PASSED] - if (Value == false): null&#xD;
&#xD;
2019-10-23 16:31:38 - [TEST_STEP][PASSED] - if (celltext == ExpectedValue): null&#xD;
&#xD;
2019-10-23 16:31:38 - [TEST_STEP][PASSED] - celltext = get(j).getText(): null&#xD;
&#xD;
2019-10-23 16:31:38 - [TEST_STEP][PASSED] - println("Cell Value Of row number " + i + " and column number " + j + " Is " + celltext): null&#xD;
&#xD;
2019-10-23 16:31:38 - [TEST_STEP][PASSED] - if (Value == false): null&#xD;
&#xD;
2019-10-23 16:31:38 - [TEST_STEP][PASSED] - if (celltext == ExpectedValue): null&#xD;
&#xD;
2019-10-23 16:31:38 - [TEST_STEP][PASSED] - celltext = get(j).getText(): null&#xD;
&#xD;
2019-10-23 16:31:38 - [TEST_STEP][PASSED] - println("Cell Value Of row number " + i + " and column number " + j + " Is " + celltext): null&#xD;
&#xD;
2019-10-23 16:31:38 - [TEST_STEP][PASSED] - if (Value == false): null&#xD;
&#xD;
2019-10-23 16:31:38 - [TEST_STEP][PASSED] - if (celltext == ExpectedValue): null&#xD;
&#xD;
2019-10-23 16:31:38 - [TEST_STEP][PASSED] - tagName("a")).click(): null&#xD;
&#xD;
2019-10-23 16:31:44 - [TEST_STEP][PASSED] - waitForPageLoad(10): Wait for page load successfully&#xD;
&#xD;
2019-10-23 16:31:44 - [MESSAGE][PASSED] - Wait for page load successfully&#xD;
&#xD;
2019-10-23 16:31:44 - [TEST_STEP][PASSED] - click(findTestObject("Page_Heath Hembree Stats - Boston Red Sox - ESPN/a_Stats")): Object: 'Object Repository/Page_Heath Hembree Stats - Boston Red Sox - ESPN/a_Stats' is clicked on&#xD;
&#xD;
2019-10-23 16:31:48 - [MESSAGE][PASSED] - Object: 'Object Repository/Page_Heath Hembree Stats - Boston Red Sox - ESPN/a_Stats' is clicked on&#xD;
&#xD;
2019-10-23 16:31:48 - [TEST_STEP][PASSED] - waitForPageLoad(10): Wait for page load successfully&#xD;
&#xD;
2019-10-23 16:31:48 - [MESSAGE][PASSED] - Wait for page load successfully&#xD;
&#xD;
2019-10-23 16:31:48 - [TEST_STEP][PASSED] - Value = true: null&#xD;
&#xD;
2019-10-23 16:31:48 - [TEST_STEP][PASSED] - break: null&#xD;
&#xD;
2019-10-23 16:31:48 - [TEST_STEP][PASSED] - if (Value == true): null&#xD;
&#xD;
2019-10-23 16:31:48 - [TEST_STEP][PASSED] - break: null</system-out>
            <system-err></system-err>
        </testcase>
        <system-out>2019-10-23 16:31:15 - [TEST_SUITE][INCOMPLETE] - WebTable_TestSuite: null</system-out>
        <system-err>2019-10-23 16:31:15 - [TEST_SUITE][INCOMPLETE] - WebTable_TestSuite: null</system-err>
    </testsuite>
</testsuites>
