<?xml version="1.0" encoding="UTF-8" standalone="yes"?>
<testsuites name="TestSuiteForDataDrivenTests" time="188" tests="5" failures="0" errors="0">
    <testsuite name="TestSuiteForDataDrivenTests" tests="5" failures="0" errors="0" time="188" timestamp="2019-12-06 15:47:08" hostname="hemavathi - MSDES05.ad.matryxsoft.com" id="Test Suites/TestSuiteForDataDrivenTests">
        <properties>
            <property name="deviceName" value=""/>
            <property name="devicePlatform" value=""/>
            <property name="logFolder" value="D:\\Katalon sample projects\\Sample\\Reports\\20191206_154701\\TestSuiteForDataDrivenTests\\20191206_154701"/>
            <property name="logFiles" value="D:\\Katalon sample projects\\Sample\\Reports\\20191206_154701\\TestSuiteForDataDrivenTests\\20191206_154701\\execution0.log"/>
            <property name="attachments" value=""/>
            <property name="hostName" value="hemavathi - MSDES05.ad.matryxsoft.com"/>
            <property name="os" value="Windows 7 64bit"/>
            <property name="katalonVersion" value="6.3.3.11"/>
            <property name="browser" value="Firefox 69.0"/>
            <property name="hostAddress" value="10.10.20.4"/>
            <property name="sessionId" value="067c51df-9be1-4ad1-ac3d-707b6ad74d81"/>
            <property name="seleniumVersion" value="3.141.59"/>
            <property name="proxyInformation" value="ProxyInformation{proxyOption=NO_PROXY, proxyServerType=HTTP, password=, proxyServerAddress=, proxyServerPort=0}"/>
            <property name="platform" value="Windows 7"/>
        </properties>
        <testcase name="Test Cases/DataDrivenTest/Test5_DatadrivenTest" classname="Test Cases/DataDrivenTest/Test5_DatadrivenTest" status="PASSED">
            <system-out>2019-12-06 15:47:08 - [TEST_CASE][PASSED] - Test Cases/DataDrivenTest/Test5_DatadrivenTest: Test Cases/DataDrivenTest/Test5_DatadrivenTest&#xD;
&#xD;
2019-12-06 15:47:09 - [TEST_STEP][PASSED] - openBrowser(""): Browser is opened with url: ''&#xD;
&#xD;
2019-12-06 15:47:09 - [MESSAGE][INFO] - Starting 'Firefox' driver&#xD;
&#xD;
2019-12-06 15:47:09 - [MESSAGE][INFO] - Action delay is set to 0 seconds&#xD;
&#xD;
2019-12-06 15:47:15 - [MESSAGE][PASSED] - Browser is opened with url: ''&#xD;
&#xD;
2019-12-06 15:47:15 - [TEST_STEP][PASSED] - navigateToUrl("https://www.phptravels.net/login"): Navigate to 'https://www.phptravels.net/login' successfully&#xD;
&#xD;
2019-12-06 15:47:18 - [MESSAGE][PASSED] - Navigate to 'https://www.phptravels.net/login' successfully&#xD;
&#xD;
2019-12-06 15:47:18 - [TEST_STEP][PASSED] - for ([rowNum = 1, rowNum &lt;= findTestData("Data1").getRowNumbers(), (rowNum++)]): null&#xD;
&#xD;
2019-12-06 15:47:19 - [TEST_STEP][PASSED] - setText(findTestObject("Test5_OR/Page_Login/input_Email_username"), findTestData("Data1").getValue(1, rowNum)): Text 'user@phptravelsrange.com' is set on object 'Object Repository/Test5_OR/Page_Login/input_Email_username'&#xD;
&#xD;
2019-12-06 15:47:19 - [MESSAGE][PASSED] - Text 'user@phptravelsrange.com' is set on object 'Object Repository/Test5_OR/Page_Login/input_Email_username'&#xD;
&#xD;
2019-12-06 15:47:19 - [TEST_STEP][PASSED] - setText(findTestObject("Test5_OR/Page_Login/input_Password_password"), findTestData("Data1").getValue(2, rowNum)): Text '6weEYLVRi3+STmppai9GiQ==' is set on object 'Object Repository/Test5_OR/Page_Login/input_Password_password'&#xD;
&#xD;
2019-12-06 15:47:19 - [MESSAGE][PASSED] - Text '6weEYLVRi3+STmppai9GiQ==' is set on object 'Object Repository/Test5_OR/Page_Login/input_Password_password'&#xD;
&#xD;
2019-12-06 15:47:19 - [TEST_STEP][PASSED] - Thread.sleep(3000): null&#xD;
&#xD;
2019-12-06 15:47:22 - [TEST_STEP][PASSED] - setText(findTestObject("Test5_OR/Page_Login/input_Email_username"), findTestData("Data1").getValue(1, rowNum)): Text 'hema@gmail.com' is set on object 'Object Repository/Test5_OR/Page_Login/input_Email_username'&#xD;
&#xD;
2019-12-06 15:47:23 - [MESSAGE][PASSED] - Text 'hema@gmail.com' is set on object 'Object Repository/Test5_OR/Page_Login/input_Email_username'&#xD;
&#xD;
2019-12-06 15:47:23 - [TEST_STEP][PASSED] - setText(findTestObject("Test5_OR/Page_Login/input_Password_password"), findTestData("Data1").getValue(2, rowNum)): Text '6weEYLVRi3+STmppai9GiQ==' is set on object 'Object Repository/Test5_OR/Page_Login/input_Password_password'&#xD;
&#xD;
2019-12-06 15:47:23 - [MESSAGE][PASSED] - Text '6weEYLVRi3+STmppai9GiQ==' is set on object 'Object Repository/Test5_OR/Page_Login/input_Password_password'&#xD;
&#xD;
2019-12-06 15:47:23 - [TEST_STEP][PASSED] - Thread.sleep(3000): null&#xD;
&#xD;
2019-12-06 15:47:26 - [TEST_STEP][PASSED] - setText(findTestObject("Test5_OR/Page_Login/input_Email_username"), findTestData("Data1").getValue(1, rowNum)): Text 'veda@gmail.com' is set on object 'Object Repository/Test5_OR/Page_Login/input_Email_username'&#xD;
&#xD;
2019-12-06 15:47:26 - [MESSAGE][PASSED] - Text 'veda@gmail.com' is set on object 'Object Repository/Test5_OR/Page_Login/input_Email_username'&#xD;
&#xD;
2019-12-06 15:47:26 - [TEST_STEP][PASSED] - setText(findTestObject("Test5_OR/Page_Login/input_Password_password"), findTestData("Data1").getValue(2, rowNum)): Text 'veda123' is set on object 'Object Repository/Test5_OR/Page_Login/input_Password_password'&#xD;
&#xD;
2019-12-06 15:47:26 - [MESSAGE][PASSED] - Text 'veda123' is set on object 'Object Repository/Test5_OR/Page_Login/input_Password_password'&#xD;
&#xD;
2019-12-06 15:47:26 - [TEST_STEP][PASSED] - Thread.sleep(3000): null&#xD;
&#xD;
2019-12-06 15:47:29 - [TEST_STEP][PASSED] - setText(findTestObject("Test5_OR/Page_Login/input_Email_username"), findTestData("Data1").getValue(1, rowNum)): Text '' is set on object 'Object Repository/Test5_OR/Page_Login/input_Email_username'&#xD;
&#xD;
2019-12-06 15:47:29 - [MESSAGE][PASSED] - Text '' is set on object 'Object Repository/Test5_OR/Page_Login/input_Email_username'&#xD;
&#xD;
2019-12-06 15:47:29 - [TEST_STEP][PASSED] - setText(findTestObject("Test5_OR/Page_Login/input_Password_password"), findTestData("Data1").getValue(2, rowNum)): Text '' is set on object 'Object Repository/Test5_OR/Page_Login/input_Password_password'&#xD;
&#xD;
2019-12-06 15:47:29 - [MESSAGE][PASSED] - Text '' is set on object 'Object Repository/Test5_OR/Page_Login/input_Password_password'&#xD;
&#xD;
2019-12-06 15:47:29 - [TEST_STEP][PASSED] - Thread.sleep(3000): null&#xD;
&#xD;
2019-12-06 15:47:32 - [TEST_STEP][PASSED] - setText(findTestObject("Test5_OR/Page_Login/input_Email_username"), findTestData("Data1").getValue(1, rowNum)): Text '' is set on object 'Object Repository/Test5_OR/Page_Login/input_Email_username'&#xD;
&#xD;
2019-12-06 15:47:33 - [MESSAGE][PASSED] - Text '' is set on object 'Object Repository/Test5_OR/Page_Login/input_Email_username'&#xD;
&#xD;
2019-12-06 15:47:33 - [TEST_STEP][PASSED] - setText(findTestObject("Test5_OR/Page_Login/input_Password_password"), findTestData("Data1").getValue(2, rowNum)): Text '' is set on object 'Object Repository/Test5_OR/Page_Login/input_Password_password'&#xD;
&#xD;
2019-12-06 15:47:33 - [MESSAGE][PASSED] - Text '' is set on object 'Object Repository/Test5_OR/Page_Login/input_Password_password'&#xD;
&#xD;
2019-12-06 15:47:33 - [TEST_STEP][PASSED] - Thread.sleep(3000): null&#xD;
&#xD;
2019-12-06 15:47:36 - [TEST_STEP][PASSED] - click(findTestObject("Test5_OR/Page_Login/button_Login")): Object: 'Object Repository/Test5_OR/Page_Login/button_Login' is clicked on&#xD;
&#xD;
2019-12-06 15:47:36 - [MESSAGE][PASSED] - Object: 'Object Repository/Test5_OR/Page_Login/button_Login' is clicked on</system-out>
            <system-err></system-err>
        </testcase>
        <testcase name="Test Cases/DataDrivenTest/Test5_DatadrivenTest" classname="Test Cases/DataDrivenTest/Test5_DatadrivenTest" status="PASSED">
            <system-out>2019-12-06 15:47:38 - [TEST_CASE][PASSED] - Test Cases/DataDrivenTest/Test5_DatadrivenTest: Test Cases/DataDrivenTest/Test5_DatadrivenTest&#xD;
&#xD;
2019-12-06 15:47:38 - [TEST_STEP][PASSED] - openBrowser(""): Browser is opened with url: ''&#xD;
&#xD;
2019-12-06 15:47:38 - [MESSAGE][WARNING] - A browser is already opened. Closing browser and opening a new one&#xD;
&#xD;
2019-12-06 15:47:47 - [MESSAGE][INFO] - Starting 'Firefox' driver&#xD;
&#xD;
2019-12-06 15:47:55 - [MESSAGE][PASSED] - Browser is opened with url: ''&#xD;
&#xD;
2019-12-06 15:47:55 - [TEST_STEP][PASSED] - navigateToUrl("https://www.phptravels.net/login"): Navigate to 'https://www.phptravels.net/login' successfully&#xD;
&#xD;
2019-12-06 15:48:23 - [MESSAGE][PASSED] - Navigate to 'https://www.phptravels.net/login' successfully&#xD;
&#xD;
2019-12-06 15:48:23 - [TEST_STEP][PASSED] - for ([rowNum = 1, rowNum &lt;= findTestData("Data1").getRowNumbers(), (rowNum++)]): null&#xD;
&#xD;
2019-12-06 15:48:23 - [TEST_STEP][PASSED] - setText(findTestObject("Test5_OR/Page_Login/input_Email_username"), findTestData("Data1").getValue(1, rowNum)): Text 'user@phptravelsrange.com' is set on object 'Object Repository/Test5_OR/Page_Login/input_Email_username'&#xD;
&#xD;
2019-12-06 15:48:23 - [MESSAGE][PASSED] - Text 'user@phptravelsrange.com' is set on object 'Object Repository/Test5_OR/Page_Login/input_Email_username'&#xD;
&#xD;
2019-12-06 15:48:23 - [TEST_STEP][PASSED] - setText(findTestObject("Test5_OR/Page_Login/input_Password_password"), findTestData("Data1").getValue(2, rowNum)): Text '6weEYLVRi3+STmppai9GiQ==' is set on object 'Object Repository/Test5_OR/Page_Login/input_Password_password'&#xD;
&#xD;
2019-12-06 15:48:23 - [MESSAGE][PASSED] - Text '6weEYLVRi3+STmppai9GiQ==' is set on object 'Object Repository/Test5_OR/Page_Login/input_Password_password'&#xD;
&#xD;
2019-12-06 15:48:23 - [TEST_STEP][PASSED] - Thread.sleep(3000): null&#xD;
&#xD;
2019-12-06 15:48:26 - [TEST_STEP][PASSED] - setText(findTestObject("Test5_OR/Page_Login/input_Email_username"), findTestData("Data1").getValue(1, rowNum)): Text 'hema@gmail.com' is set on object 'Object Repository/Test5_OR/Page_Login/input_Email_username'&#xD;
&#xD;
2019-12-06 15:48:26 - [MESSAGE][PASSED] - Text 'hema@gmail.com' is set on object 'Object Repository/Test5_OR/Page_Login/input_Email_username'&#xD;
&#xD;
2019-12-06 15:48:26 - [TEST_STEP][PASSED] - setText(findTestObject("Test5_OR/Page_Login/input_Password_password"), findTestData("Data1").getValue(2, rowNum)): Text '6weEYLVRi3+STmppai9GiQ==' is set on object 'Object Repository/Test5_OR/Page_Login/input_Password_password'&#xD;
&#xD;
2019-12-06 15:48:26 - [MESSAGE][PASSED] - Text '6weEYLVRi3+STmppai9GiQ==' is set on object 'Object Repository/Test5_OR/Page_Login/input_Password_password'&#xD;
&#xD;
2019-12-06 15:48:26 - [TEST_STEP][PASSED] - Thread.sleep(3000): null&#xD;
&#xD;
2019-12-06 15:48:29 - [TEST_STEP][PASSED] - setText(findTestObject("Test5_OR/Page_Login/input_Email_username"), findTestData("Data1").getValue(1, rowNum)): Text 'veda@gmail.com' is set on object 'Object Repository/Test5_OR/Page_Login/input_Email_username'&#xD;
&#xD;
2019-12-06 15:48:29 - [MESSAGE][PASSED] - Text 'veda@gmail.com' is set on object 'Object Repository/Test5_OR/Page_Login/input_Email_username'&#xD;
&#xD;
2019-12-06 15:48:29 - [TEST_STEP][PASSED] - setText(findTestObject("Test5_OR/Page_Login/input_Password_password"), findTestData("Data1").getValue(2, rowNum)): Text 'veda123' is set on object 'Object Repository/Test5_OR/Page_Login/input_Password_password'&#xD;
&#xD;
2019-12-06 15:48:30 - [MESSAGE][PASSED] - Text 'veda123' is set on object 'Object Repository/Test5_OR/Page_Login/input_Password_password'&#xD;
&#xD;
2019-12-06 15:48:30 - [TEST_STEP][PASSED] - Thread.sleep(3000): null&#xD;
&#xD;
2019-12-06 15:48:33 - [TEST_STEP][PASSED] - setText(findTestObject("Test5_OR/Page_Login/input_Email_username"), findTestData("Data1").getValue(1, rowNum)): Text '' is set on object 'Object Repository/Test5_OR/Page_Login/input_Email_username'&#xD;
&#xD;
2019-12-06 15:48:33 - [MESSAGE][PASSED] - Text '' is set on object 'Object Repository/Test5_OR/Page_Login/input_Email_username'&#xD;
&#xD;
2019-12-06 15:48:33 - [TEST_STEP][PASSED] - setText(findTestObject("Test5_OR/Page_Login/input_Password_password"), findTestData("Data1").getValue(2, rowNum)): Text '' is set on object 'Object Repository/Test5_OR/Page_Login/input_Password_password'&#xD;
&#xD;
2019-12-06 15:48:33 - [MESSAGE][PASSED] - Text '' is set on object 'Object Repository/Test5_OR/Page_Login/input_Password_password'&#xD;
&#xD;
2019-12-06 15:48:33 - [TEST_STEP][PASSED] - Thread.sleep(3000): null&#xD;
&#xD;
2019-12-06 15:48:36 - [TEST_STEP][PASSED] - setText(findTestObject("Test5_OR/Page_Login/input_Email_username"), findTestData("Data1").getValue(1, rowNum)): Text '' is set on object 'Object Repository/Test5_OR/Page_Login/input_Email_username'&#xD;
&#xD;
2019-12-06 15:48:36 - [MESSAGE][PASSED] - Text '' is set on object 'Object Repository/Test5_OR/Page_Login/input_Email_username'&#xD;
&#xD;
2019-12-06 15:48:36 - [TEST_STEP][PASSED] - setText(findTestObject("Test5_OR/Page_Login/input_Password_password"), findTestData("Data1").getValue(2, rowNum)): Text '' is set on object 'Object Repository/Test5_OR/Page_Login/input_Password_password'&#xD;
&#xD;
2019-12-06 15:48:36 - [MESSAGE][PASSED] - Text '' is set on object 'Object Repository/Test5_OR/Page_Login/input_Password_password'&#xD;
&#xD;
2019-12-06 15:48:36 - [TEST_STEP][PASSED] - Thread.sleep(3000): null&#xD;
&#xD;
2019-12-06 15:48:39 - [TEST_STEP][PASSED] - click(findTestObject("Test5_OR/Page_Login/button_Login")): Object: 'Object Repository/Test5_OR/Page_Login/button_Login' is clicked on&#xD;
&#xD;
2019-12-06 15:48:39 - [MESSAGE][PASSED] - Object: 'Object Repository/Test5_OR/Page_Login/button_Login' is clicked on</system-out>
            <system-err></system-err>
        </testcase>
        <testcase name="Test Cases/DataDrivenTest/Test5_DatadrivenTest" classname="Test Cases/DataDrivenTest/Test5_DatadrivenTest" status="PASSED">
            <system-out>2019-12-06 15:48:42 - [TEST_CASE][PASSED] - Test Cases/DataDrivenTest/Test5_DatadrivenTest: Test Cases/DataDrivenTest/Test5_DatadrivenTest&#xD;
&#xD;
2019-12-06 15:48:42 - [TEST_STEP][PASSED] - openBrowser(""): Browser is opened with url: ''&#xD;
&#xD;
2019-12-06 15:48:42 - [MESSAGE][WARNING] - A browser is already opened. Closing browser and opening a new one&#xD;
&#xD;
2019-12-06 15:48:47 - [MESSAGE][INFO] - Starting 'Firefox' driver&#xD;
&#xD;
2019-12-06 15:48:54 - [MESSAGE][PASSED] - Browser is opened with url: ''&#xD;
&#xD;
2019-12-06 15:48:54 - [TEST_STEP][PASSED] - navigateToUrl("https://www.phptravels.net/login"): Navigate to 'https://www.phptravels.net/login' successfully&#xD;
&#xD;
2019-12-06 15:48:57 - [MESSAGE][PASSED] - Navigate to 'https://www.phptravels.net/login' successfully&#xD;
&#xD;
2019-12-06 15:48:57 - [TEST_STEP][PASSED] - for ([rowNum = 1, rowNum &lt;= findTestData("Data1").getRowNumbers(), (rowNum++)]): null&#xD;
&#xD;
2019-12-06 15:48:57 - [TEST_STEP][PASSED] - setText(findTestObject("Test5_OR/Page_Login/input_Email_username"), findTestData("Data1").getValue(1, rowNum)): Text 'user@phptravelsrange.com' is set on object 'Object Repository/Test5_OR/Page_Login/input_Email_username'&#xD;
&#xD;
2019-12-06 15:48:58 - [MESSAGE][PASSED] - Text 'user@phptravelsrange.com' is set on object 'Object Repository/Test5_OR/Page_Login/input_Email_username'&#xD;
&#xD;
2019-12-06 15:48:58 - [TEST_STEP][PASSED] - setText(findTestObject("Test5_OR/Page_Login/input_Password_password"), findTestData("Data1").getValue(2, rowNum)): Text '6weEYLVRi3+STmppai9GiQ==' is set on object 'Object Repository/Test5_OR/Page_Login/input_Password_password'&#xD;
&#xD;
2019-12-06 15:48:58 - [MESSAGE][PASSED] - Text '6weEYLVRi3+STmppai9GiQ==' is set on object 'Object Repository/Test5_OR/Page_Login/input_Password_password'&#xD;
&#xD;
2019-12-06 15:48:58 - [TEST_STEP][PASSED] - Thread.sleep(3000): null&#xD;
&#xD;
2019-12-06 15:49:01 - [TEST_STEP][PASSED] - setText(findTestObject("Test5_OR/Page_Login/input_Email_username"), findTestData("Data1").getValue(1, rowNum)): Text 'hema@gmail.com' is set on object 'Object Repository/Test5_OR/Page_Login/input_Email_username'&#xD;
&#xD;
2019-12-06 15:49:01 - [MESSAGE][PASSED] - Text 'hema@gmail.com' is set on object 'Object Repository/Test5_OR/Page_Login/input_Email_username'&#xD;
&#xD;
2019-12-06 15:49:01 - [TEST_STEP][PASSED] - setText(findTestObject("Test5_OR/Page_Login/input_Password_password"), findTestData("Data1").getValue(2, rowNum)): Text '6weEYLVRi3+STmppai9GiQ==' is set on object 'Object Repository/Test5_OR/Page_Login/input_Password_password'&#xD;
&#xD;
2019-12-06 15:49:01 - [MESSAGE][PASSED] - Text '6weEYLVRi3+STmppai9GiQ==' is set on object 'Object Repository/Test5_OR/Page_Login/input_Password_password'&#xD;
&#xD;
2019-12-06 15:49:01 - [TEST_STEP][PASSED] - Thread.sleep(3000): null&#xD;
&#xD;
2019-12-06 15:49:04 - [TEST_STEP][PASSED] - setText(findTestObject("Test5_OR/Page_Login/input_Email_username"), findTestData("Data1").getValue(1, rowNum)): Text 'veda@gmail.com' is set on object 'Object Repository/Test5_OR/Page_Login/input_Email_username'&#xD;
&#xD;
2019-12-06 15:49:04 - [MESSAGE][PASSED] - Text 'veda@gmail.com' is set on object 'Object Repository/Test5_OR/Page_Login/input_Email_username'&#xD;
&#xD;
2019-12-06 15:49:04 - [TEST_STEP][PASSED] - setText(findTestObject("Test5_OR/Page_Login/input_Password_password"), findTestData("Data1").getValue(2, rowNum)): Text 'veda123' is set on object 'Object Repository/Test5_OR/Page_Login/input_Password_password'&#xD;
&#xD;
2019-12-06 15:49:04 - [MESSAGE][PASSED] - Text 'veda123' is set on object 'Object Repository/Test5_OR/Page_Login/input_Password_password'&#xD;
&#xD;
2019-12-06 15:49:04 - [TEST_STEP][PASSED] - Thread.sleep(3000): null&#xD;
&#xD;
2019-12-06 15:49:07 - [TEST_STEP][PASSED] - setText(findTestObject("Test5_OR/Page_Login/input_Email_username"), findTestData("Data1").getValue(1, rowNum)): Text '' is set on object 'Object Repository/Test5_OR/Page_Login/input_Email_username'&#xD;
&#xD;
2019-12-06 15:49:07 - [MESSAGE][PASSED] - Text '' is set on object 'Object Repository/Test5_OR/Page_Login/input_Email_username'&#xD;
&#xD;
2019-12-06 15:49:07 - [TEST_STEP][PASSED] - setText(findTestObject("Test5_OR/Page_Login/input_Password_password"), findTestData("Data1").getValue(2, rowNum)): Text '' is set on object 'Object Repository/Test5_OR/Page_Login/input_Password_password'&#xD;
&#xD;
2019-12-06 15:49:08 - [MESSAGE][PASSED] - Text '' is set on object 'Object Repository/Test5_OR/Page_Login/input_Password_password'&#xD;
&#xD;
2019-12-06 15:49:08 - [TEST_STEP][PASSED] - Thread.sleep(3000): null&#xD;
&#xD;
2019-12-06 15:49:11 - [TEST_STEP][PASSED] - setText(findTestObject("Test5_OR/Page_Login/input_Email_username"), findTestData("Data1").getValue(1, rowNum)): Text '' is set on object 'Object Repository/Test5_OR/Page_Login/input_Email_username'&#xD;
&#xD;
2019-12-06 15:49:11 - [MESSAGE][PASSED] - Text '' is set on object 'Object Repository/Test5_OR/Page_Login/input_Email_username'&#xD;
&#xD;
2019-12-06 15:49:11 - [TEST_STEP][PASSED] - setText(findTestObject("Test5_OR/Page_Login/input_Password_password"), findTestData("Data1").getValue(2, rowNum)): Text '' is set on object 'Object Repository/Test5_OR/Page_Login/input_Password_password'&#xD;
&#xD;
2019-12-06 15:49:11 - [MESSAGE][PASSED] - Text '' is set on object 'Object Repository/Test5_OR/Page_Login/input_Password_password'&#xD;
&#xD;
2019-12-06 15:49:11 - [TEST_STEP][PASSED] - Thread.sleep(3000): null&#xD;
&#xD;
2019-12-06 15:49:14 - [TEST_STEP][PASSED] - click(findTestObject("Test5_OR/Page_Login/button_Login")): Object: 'Object Repository/Test5_OR/Page_Login/button_Login' is clicked on&#xD;
&#xD;
2019-12-06 15:49:14 - [MESSAGE][PASSED] - Object: 'Object Repository/Test5_OR/Page_Login/button_Login' is clicked on</system-out>
            <system-err></system-err>
        </testcase>
        <testcase name="Test Cases/DataDrivenTest/Test5_DatadrivenTest" classname="Test Cases/DataDrivenTest/Test5_DatadrivenTest" status="PASSED">
            <system-out>2019-12-06 15:49:16 - [TEST_CASE][PASSED] - Test Cases/DataDrivenTest/Test5_DatadrivenTest: Test Cases/DataDrivenTest/Test5_DatadrivenTest&#xD;
&#xD;
2019-12-06 15:49:16 - [TEST_STEP][PASSED] - openBrowser(""): Browser is opened with url: ''&#xD;
&#xD;
2019-12-06 15:49:16 - [MESSAGE][WARNING] - A browser is already opened. Closing browser and opening a new one&#xD;
&#xD;
2019-12-06 15:49:19 - [MESSAGE][INFO] - Starting 'Firefox' driver&#xD;
&#xD;
2019-12-06 15:49:24 - [MESSAGE][PASSED] - Browser is opened with url: ''&#xD;
&#xD;
2019-12-06 15:49:24 - [TEST_STEP][PASSED] - navigateToUrl("https://www.phptravels.net/login"): Navigate to 'https://www.phptravels.net/login' successfully&#xD;
&#xD;
2019-12-06 15:49:29 - [MESSAGE][PASSED] - Navigate to 'https://www.phptravels.net/login' successfully&#xD;
&#xD;
2019-12-06 15:49:29 - [TEST_STEP][PASSED] - for ([rowNum = 1, rowNum &lt;= findTestData("Data1").getRowNumbers(), (rowNum++)]): null&#xD;
&#xD;
2019-12-06 15:49:29 - [TEST_STEP][PASSED] - setText(findTestObject("Test5_OR/Page_Login/input_Email_username"), findTestData("Data1").getValue(1, rowNum)): Text 'user@phptravelsrange.com' is set on object 'Object Repository/Test5_OR/Page_Login/input_Email_username'&#xD;
&#xD;
2019-12-06 15:49:29 - [MESSAGE][PASSED] - Text 'user@phptravelsrange.com' is set on object 'Object Repository/Test5_OR/Page_Login/input_Email_username'&#xD;
&#xD;
2019-12-06 15:49:29 - [TEST_STEP][PASSED] - setText(findTestObject("Test5_OR/Page_Login/input_Password_password"), findTestData("Data1").getValue(2, rowNum)): Text '6weEYLVRi3+STmppai9GiQ==' is set on object 'Object Repository/Test5_OR/Page_Login/input_Password_password'&#xD;
&#xD;
2019-12-06 15:49:29 - [MESSAGE][PASSED] - Text '6weEYLVRi3+STmppai9GiQ==' is set on object 'Object Repository/Test5_OR/Page_Login/input_Password_password'&#xD;
&#xD;
2019-12-06 15:49:29 - [TEST_STEP][PASSED] - Thread.sleep(3000): null&#xD;
&#xD;
2019-12-06 15:49:32 - [TEST_STEP][PASSED] - setText(findTestObject("Test5_OR/Page_Login/input_Email_username"), findTestData("Data1").getValue(1, rowNum)): Text 'hema@gmail.com' is set on object 'Object Repository/Test5_OR/Page_Login/input_Email_username'&#xD;
&#xD;
2019-12-06 15:49:32 - [MESSAGE][PASSED] - Text 'hema@gmail.com' is set on object 'Object Repository/Test5_OR/Page_Login/input_Email_username'&#xD;
&#xD;
2019-12-06 15:49:32 - [TEST_STEP][PASSED] - setText(findTestObject("Test5_OR/Page_Login/input_Password_password"), findTestData("Data1").getValue(2, rowNum)): Text '6weEYLVRi3+STmppai9GiQ==' is set on object 'Object Repository/Test5_OR/Page_Login/input_Password_password'&#xD;
&#xD;
2019-12-06 15:49:32 - [MESSAGE][PASSED] - Text '6weEYLVRi3+STmppai9GiQ==' is set on object 'Object Repository/Test5_OR/Page_Login/input_Password_password'&#xD;
&#xD;
2019-12-06 15:49:32 - [TEST_STEP][PASSED] - Thread.sleep(3000): null&#xD;
&#xD;
2019-12-06 15:49:35 - [TEST_STEP][PASSED] - setText(findTestObject("Test5_OR/Page_Login/input_Email_username"), findTestData("Data1").getValue(1, rowNum)): Text 'veda@gmail.com' is set on object 'Object Repository/Test5_OR/Page_Login/input_Email_username'&#xD;
&#xD;
2019-12-06 15:49:36 - [MESSAGE][PASSED] - Text 'veda@gmail.com' is set on object 'Object Repository/Test5_OR/Page_Login/input_Email_username'&#xD;
&#xD;
2019-12-06 15:49:36 - [TEST_STEP][PASSED] - setText(findTestObject("Test5_OR/Page_Login/input_Password_password"), findTestData("Data1").getValue(2, rowNum)): Text 'veda123' is set on object 'Object Repository/Test5_OR/Page_Login/input_Password_password'&#xD;
&#xD;
2019-12-06 15:49:36 - [MESSAGE][PASSED] - Text 'veda123' is set on object 'Object Repository/Test5_OR/Page_Login/input_Password_password'&#xD;
&#xD;
2019-12-06 15:49:36 - [TEST_STEP][PASSED] - Thread.sleep(3000): null&#xD;
&#xD;
2019-12-06 15:49:39 - [TEST_STEP][PASSED] - setText(findTestObject("Test5_OR/Page_Login/input_Email_username"), findTestData("Data1").getValue(1, rowNum)): Text '' is set on object 'Object Repository/Test5_OR/Page_Login/input_Email_username'&#xD;
&#xD;
2019-12-06 15:49:39 - [MESSAGE][PASSED] - Text '' is set on object 'Object Repository/Test5_OR/Page_Login/input_Email_username'&#xD;
&#xD;
2019-12-06 15:49:39 - [TEST_STEP][PASSED] - setText(findTestObject("Test5_OR/Page_Login/input_Password_password"), findTestData("Data1").getValue(2, rowNum)): Text '' is set on object 'Object Repository/Test5_OR/Page_Login/input_Password_password'&#xD;
&#xD;
2019-12-06 15:49:39 - [MESSAGE][PASSED] - Text '' is set on object 'Object Repository/Test5_OR/Page_Login/input_Password_password'&#xD;
&#xD;
2019-12-06 15:49:39 - [TEST_STEP][PASSED] - Thread.sleep(3000): null&#xD;
&#xD;
2019-12-06 15:49:42 - [TEST_STEP][PASSED] - setText(findTestObject("Test5_OR/Page_Login/input_Email_username"), findTestData("Data1").getValue(1, rowNum)): Text '' is set on object 'Object Repository/Test5_OR/Page_Login/input_Email_username'&#xD;
&#xD;
2019-12-06 15:49:42 - [MESSAGE][PASSED] - Text '' is set on object 'Object Repository/Test5_OR/Page_Login/input_Email_username'&#xD;
&#xD;
2019-12-06 15:49:42 - [TEST_STEP][PASSED] - setText(findTestObject("Test5_OR/Page_Login/input_Password_password"), findTestData("Data1").getValue(2, rowNum)): Text '' is set on object 'Object Repository/Test5_OR/Page_Login/input_Password_password'&#xD;
&#xD;
2019-12-06 15:49:42 - [MESSAGE][PASSED] - Text '' is set on object 'Object Repository/Test5_OR/Page_Login/input_Password_password'&#xD;
&#xD;
2019-12-06 15:49:42 - [TEST_STEP][PASSED] - Thread.sleep(3000): null&#xD;
&#xD;
2019-12-06 15:49:45 - [TEST_STEP][PASSED] - click(findTestObject("Test5_OR/Page_Login/button_Login")): Object: 'Object Repository/Test5_OR/Page_Login/button_Login' is clicked on&#xD;
&#xD;
2019-12-06 15:49:46 - [MESSAGE][PASSED] - Object: 'Object Repository/Test5_OR/Page_Login/button_Login' is clicked on</system-out>
            <system-err></system-err>
        </testcase>
        <testcase name="Test Cases/DataDrivenTest/Test5_DatadrivenTest" classname="Test Cases/DataDrivenTest/Test5_DatadrivenTest" status="PASSED">
            <system-out>2019-12-06 15:49:48 - [TEST_CASE][PASSED] - Test Cases/DataDrivenTest/Test5_DatadrivenTest: Test Cases/DataDrivenTest/Test5_DatadrivenTest&#xD;
&#xD;
2019-12-06 15:49:48 - [TEST_STEP][PASSED] - openBrowser(""): Browser is opened with url: ''&#xD;
&#xD;
2019-12-06 15:49:48 - [MESSAGE][WARNING] - A browser is already opened. Closing browser and opening a new one&#xD;
&#xD;
2019-12-06 15:49:50 - [MESSAGE][INFO] - Starting 'Firefox' driver&#xD;
&#xD;
2019-12-06 15:49:55 - [MESSAGE][PASSED] - Browser is opened with url: ''&#xD;
&#xD;
2019-12-06 15:49:55 - [TEST_STEP][PASSED] - navigateToUrl("https://www.phptravels.net/login"): Navigate to 'https://www.phptravels.net/login' successfully&#xD;
&#xD;
2019-12-06 15:49:58 - [MESSAGE][PASSED] - Navigate to 'https://www.phptravels.net/login' successfully&#xD;
&#xD;
2019-12-06 15:49:58 - [TEST_STEP][PASSED] - for ([rowNum = 1, rowNum &lt;= findTestData("Data1").getRowNumbers(), (rowNum++)]): null&#xD;
&#xD;
2019-12-06 15:49:58 - [TEST_STEP][PASSED] - setText(findTestObject("Test5_OR/Page_Login/input_Email_username"), findTestData("Data1").getValue(1, rowNum)): Text 'user@phptravelsrange.com' is set on object 'Object Repository/Test5_OR/Page_Login/input_Email_username'&#xD;
&#xD;
2019-12-06 15:49:58 - [MESSAGE][PASSED] - Text 'user@phptravelsrange.com' is set on object 'Object Repository/Test5_OR/Page_Login/input_Email_username'&#xD;
&#xD;
2019-12-06 15:49:58 - [TEST_STEP][PASSED] - setText(findTestObject("Test5_OR/Page_Login/input_Password_password"), findTestData("Data1").getValue(2, rowNum)): Text '6weEYLVRi3+STmppai9GiQ==' is set on object 'Object Repository/Test5_OR/Page_Login/input_Password_password'&#xD;
&#xD;
2019-12-06 15:49:58 - [MESSAGE][PASSED] - Text '6weEYLVRi3+STmppai9GiQ==' is set on object 'Object Repository/Test5_OR/Page_Login/input_Password_password'&#xD;
&#xD;
2019-12-06 15:49:58 - [TEST_STEP][PASSED] - Thread.sleep(3000): null&#xD;
&#xD;
2019-12-06 15:50:01 - [TEST_STEP][PASSED] - setText(findTestObject("Test5_OR/Page_Login/input_Email_username"), findTestData("Data1").getValue(1, rowNum)): Text 'hema@gmail.com' is set on object 'Object Repository/Test5_OR/Page_Login/input_Email_username'&#xD;
&#xD;
2019-12-06 15:50:01 - [MESSAGE][PASSED] - Text 'hema@gmail.com' is set on object 'Object Repository/Test5_OR/Page_Login/input_Email_username'&#xD;
&#xD;
2019-12-06 15:50:01 - [TEST_STEP][PASSED] - setText(findTestObject("Test5_OR/Page_Login/input_Password_password"), findTestData("Data1").getValue(2, rowNum)): Text '6weEYLVRi3+STmppai9GiQ==' is set on object 'Object Repository/Test5_OR/Page_Login/input_Password_password'&#xD;
&#xD;
2019-12-06 15:50:01 - [MESSAGE][PASSED] - Text '6weEYLVRi3+STmppai9GiQ==' is set on object 'Object Repository/Test5_OR/Page_Login/input_Password_password'&#xD;
&#xD;
2019-12-06 15:50:01 - [TEST_STEP][PASSED] - Thread.sleep(3000): null&#xD;
&#xD;
2019-12-06 15:50:04 - [TEST_STEP][PASSED] - setText(findTestObject("Test5_OR/Page_Login/input_Email_username"), findTestData("Data1").getValue(1, rowNum)): Text 'veda@gmail.com' is set on object 'Object Repository/Test5_OR/Page_Login/input_Email_username'&#xD;
&#xD;
2019-12-06 15:50:04 - [MESSAGE][PASSED] - Text 'veda@gmail.com' is set on object 'Object Repository/Test5_OR/Page_Login/input_Email_username'&#xD;
&#xD;
2019-12-06 15:50:04 - [TEST_STEP][PASSED] - setText(findTestObject("Test5_OR/Page_Login/input_Password_password"), findTestData("Data1").getValue(2, rowNum)): Text 'veda123' is set on object 'Object Repository/Test5_OR/Page_Login/input_Password_password'&#xD;
&#xD;
2019-12-06 15:50:05 - [MESSAGE][PASSED] - Text 'veda123' is set on object 'Object Repository/Test5_OR/Page_Login/input_Password_password'&#xD;
&#xD;
2019-12-06 15:50:05 - [TEST_STEP][PASSED] - Thread.sleep(3000): null&#xD;
&#xD;
2019-12-06 15:50:08 - [TEST_STEP][PASSED] - setText(findTestObject("Test5_OR/Page_Login/input_Email_username"), findTestData("Data1").getValue(1, rowNum)): Text '' is set on object 'Object Repository/Test5_OR/Page_Login/input_Email_username'&#xD;
&#xD;
2019-12-06 15:50:08 - [MESSAGE][PASSED] - Text '' is set on object 'Object Repository/Test5_OR/Page_Login/input_Email_username'&#xD;
&#xD;
2019-12-06 15:50:08 - [TEST_STEP][PASSED] - setText(findTestObject("Test5_OR/Page_Login/input_Password_password"), findTestData("Data1").getValue(2, rowNum)): Text '' is set on object 'Object Repository/Test5_OR/Page_Login/input_Password_password'&#xD;
&#xD;
2019-12-06 15:50:08 - [MESSAGE][PASSED] - Text '' is set on object 'Object Repository/Test5_OR/Page_Login/input_Password_password'&#xD;
&#xD;
2019-12-06 15:50:08 - [TEST_STEP][PASSED] - Thread.sleep(3000): null&#xD;
&#xD;
2019-12-06 15:50:11 - [TEST_STEP][PASSED] - setText(findTestObject("Test5_OR/Page_Login/input_Email_username"), findTestData("Data1").getValue(1, rowNum)): Text '' is set on object 'Object Repository/Test5_OR/Page_Login/input_Email_username'&#xD;
&#xD;
2019-12-06 15:50:11 - [MESSAGE][PASSED] - Text '' is set on object 'Object Repository/Test5_OR/Page_Login/input_Email_username'&#xD;
&#xD;
2019-12-06 15:50:11 - [TEST_STEP][PASSED] - setText(findTestObject("Test5_OR/Page_Login/input_Password_password"), findTestData("Data1").getValue(2, rowNum)): Text '' is set on object 'Object Repository/Test5_OR/Page_Login/input_Password_password'&#xD;
&#xD;
2019-12-06 15:50:11 - [MESSAGE][PASSED] - Text '' is set on object 'Object Repository/Test5_OR/Page_Login/input_Password_password'&#xD;
&#xD;
2019-12-06 15:50:11 - [TEST_STEP][PASSED] - Thread.sleep(3000): null&#xD;
&#xD;
2019-12-06 15:50:14 - [TEST_STEP][PASSED] - click(findTestObject("Test5_OR/Page_Login/button_Login")): Object: 'Object Repository/Test5_OR/Page_Login/button_Login' is clicked on&#xD;
&#xD;
2019-12-06 15:50:14 - [MESSAGE][PASSED] - Object: 'Object Repository/Test5_OR/Page_Login/button_Login' is clicked on</system-out>
            <system-err></system-err>
        </testcase>
        <system-out>2019-12-06 15:47:08 - [TEST_SUITE][INCOMPLETE] - TestSuiteForDataDrivenTests: null</system-out>
        <system-err>2019-12-06 15:47:08 - [TEST_SUITE][INCOMPLETE] - TestSuiteForDataDrivenTests: null</system-err>
    </testsuite>
</testsuites>
